1642861544183	geckodriver	INFO	Listening on 127.0.0.1:62354
1642861547243	mozrunner::runner	INFO	Running command: "C:\\Program Files\\Mozilla Firefox\\firefox.exe" "--marionette" "--remote-debugging-port" "62355" "-no-remote" "-profile" "C:\\Users\\PC\\AppData\\Local\\Temp\\rust_mozprofilePoF17j"
1642861547472	Marionette	INFO	Marionette enabled
console.warn: SearchSettings: "get: No settings file exists, new profile?" (new NotFoundError("Could not open the file at C:\\Users\\PC\\AppData\\Local\\Temp\\rust_mozprofilePoF17j\\search.json.mozlz4", (void 0)))
DevTools listening on ws://localhost:62355/devtools/browser/7299da54-da9b-4eb1-afbb-88578056581d
1642861549162	Marionette	INFO	Listening on port 62360
1642861549295	RemoteAgent	WARN	TLS certificate errors will be ignored for this session
JavaScript warning: https://pagead2.googlesyndication.com/bg/i8bj7ClzAoAUPYLrGgyCP56U_VUeYw5vpVcJR_BKyl0.js line 1 > eval line 5494 > eval line 1 > eval, line 1: WEBGL_debug_renderer_info is deprecated in Firefox and will be removed. Please use RENDERER.
1642861779241	Marionette	INFO	Stopped listening on port 62360
console.warn: TopSitesFeed: Failed to fetch data from Contile server: NetworkError when attempting to fetch resource.

###!!! [Parent][RunMessage] Error: Channel closing: too late to send/recv, messages will be lost

1642862034180	geckodriver	INFO	Listening on 127.0.0.1:62495
1642862037240	mozrunner::runner	INFO	Running command: "C:\\Program Files\\Mozilla Firefox\\firefox.exe" "--marionette" "--remote-debugging-port" "62496" "-no-remote" "-profile" "C:\\Users\\PC\\AppData\\Local\\Temp\\rust_mozprofilen5mZQA"
1642862037442	Marionette	INFO	Marionette enabled
console.warn: SearchSettings: "get: No settings file exists, new profile?" (new NotFoundError("Could not open the file at C:\\Users\\PC\\AppData\\Local\\Temp\\rust_mozprofilen5mZQA\\search.json.mozlz4", (void 0)))
DevTools listening on ws://localhost:62496/devtools/browser/541c150c-6e82-40b4-9e37-11b2bbf2896e
1642862038962	Marionette	INFO	Listening on port 62501
1642862039277	RemoteAgent	WARN	TLS certificate errors will be ignored for this session
JavaScript warning: https://pagead2.googlesyndication.com/bg/i8bj7ClzAoAUPYLrGgyCP56U_VUeYw5vpVcJR_BKyl0.js line 1 > eval line 122 > eval line 1 > eval, line 1: WEBGL_debug_renderer_info is deprecated in Firefox and will be removed. Please use RENDERER.
1642862061717	Marionette	INFO	Stopped listening on port 62501
console.warn: TopSitesFeed: Failed to fetch data from Contile server: NetworkError when attempting to fetch resource.

###!!! [Parent][RunMessage] Error: Channel closing: too late to send/recv, messages will be lost

rofilexBZMaQ"
1642862051960	Marionette	INFO	Marionette enabled
console.warn: SearchSettings: "get: No settings file exists, new profile?" (new NotFoundError("Could not open the file at C:\\Users\\PC\\AppData\\Local\\Temp\\rust_mozprofilexBZMaQ\\search.json.mozlz4", (void 0)))
DevTools listening on ws://localhost:62575/devtools/browser/d338ce36-16b1-4317-b11b-1c4e181a54ed
1642862053565	Marionette	INFO	Listening on port 62581
1642862053794	RemoteAgent	WARN	TLS certificate errors will be ignored for this session
1642862061087	Marionette	INFO	Stopped listening on port 62581
console.warn: TopSitesFeed: Failed to fetch data from Contile server: NetworkError when attempting to fetch resource.

###!!! [Parent][RunMessage] Error: Channel closing: too late to send/recv, messages will be lost

1642862072485	geckodriver	INFO	Listening on 127.0.0.1:62650
1642862075550	mozrunner::runner	INFO	Running command: "C:\\Program Files\\Mozilla Firefox\\firefox.exe" "--marionette" "--remote-debugging-port" "62651" "-no-remote" "-profile" "C:\\Users\\PC\\AppData\\Local\\Temp\\rust_mozprofileoPgwjh"
1642862075751	Marionette	INFO	Marionette enabled
console.warn: SearchSettings: "get: No settings file exists, new profile?" (new NotFoundError("Could not open the file at C:\\Users\\PC\\AppData\\Local\\Temp\\rust_mozprofileoPgwjh\\search.json.mozlz4", (void 0)))
DevTools listening on ws://localhost:62651/devtools/browser/371bfd15-60e3-43be-ab57-a22c0cfb7d44
1642862077348	Marionette	INFO	Listening on port 62656
1642862077632	RemoteAgent	WARN	TLS certificate errors will be ignored for this session
JavaScript warning: https://pagead2.googlesyndication.com/bg/i8bj7ClzAoAUPYLrGgyCP56U_VUeYw5vpVcJR_BKyl0.js line 1 > eval line 3844 > eval line 1 > eval, line 1: WEBGL_debug_renderer_info is deprecated in Firefox and will be removed. Please use RENDERER.
1642862095743	Marionette	INFO	Stopped listening on port 62656
console.warn: TopSitesFeed: Failed to fetch data from Contile server: NetworkError when attempting to fetch resource.

###!!! [Parent][RunMessage] Error: Channel closing: too late to send/recv, messages will be lost

1642862104476	geckodriver	INFO	Listening on 127.0.0.1:62737
1642862107541	mozrunner::runner	INFO	Running command: "C:\\Program Files\\Mozilla Firefox\\firefox.exe" "--marionette" "--remote-debugging-port" "62738" "-no-remote" "-profile" "C:\\Users\\PC\\AppData\\Local\\Temp\\rust_mozprofile1dESLC"
1642862107736	Marionette	INFO	Marionette enabled
console.warn: SearchSettings: "get: No settings file exists, new profile?" (new NotFoundError("Could not open the file at C:\\Users\\PC\\AppData\\Local\\Temp\\rust_mozprofile1dESLC\\search.json.mozlz4", (void 0)))
DevTools listening on ws://localhost:62738/devtools/browser/67b2ff11-8ef8-4f5f-ba98-e551a446ff2f
1642862109332	Marionette	INFO	Listening on port 62744
1642862109586	RemoteAgent	WARN	TLS certificate errors will be ignored for this session
JavaScript warning: https://pagead2.googlesyndication.com/bg/i8bj7ClzAoAUPYLrGgyCP56U_VUeYw5vpVcJR_BKyl0.js line 1 > eval line 1650 > eval, line 1: WEBGL_debug_renderer_info is deprecated in Firefox and will be removed. Please use RENDERER.
1642862711259	Marionette	INFO	Stopped listening on port 62744
console.warn: TopSitesFeed: Failed to fetch data from Contile server: NetworkError when attempting to fetch resource.

###!!! [Parent][RunMessage] Error: Channel closing: too late to send/recv, messages will be lost

1642934337999	geckodriver	INFO	Listening on 127.0.0.1:52194
1642934341040	mozrunner::runner	INFO	Running command: "C:\\Program Files\\Mozilla Firefox\\firefox.exe" "--marionette" "--remote-debugging-port" "52195" "-no-remote" "-profile" "C:\\Users\\PC\\AppData\\Local\\Temp\\rust_mozprofileWVmysK"
1642934341310	Marionette	INFO	Marionette enabled
console.warn: SearchSettings: "get: No settings file exists, new profile?" (new NotFoundError("Could not open the file at C:\\Users\\PC\\AppData\\Local\\Temp\\rust_mozprofileWVmysK\\search.json.mozlz4", (void 0)))
DevTools listening on ws://localhost:52195/devtools/browser/20059830-26bb-4521-88fa-73b59ad59aa0
1642934342827	Marionette	INFO	Listening on port 52200
1642934343109	RemoteAgent	WARN	TLS certificate errors will be ignored for this session
JavaScript warning: https://pagead2.googlesyndication.com/bg/vF3DwGiQdwtNbsVxkFzRL_iZiNaTmsYTTs4lOxRXugY.js line 1 > eval line 5217 > eval line 1 > eval, line 1: WEBGL_debug_renderer_info is deprecated in Firefox and will be removed. Please use RENDERER.
1642934360872	Marionette	INFO	Stopped listening on port 52200
console.warn: TopSitesFeed: Failed to fetch data from Contile server: NetworkError when attempting to fetch resource.

###!!! [Parent][RunMessage] Error: Channel closing: too late to send/recv, messages will be lost

1642934362494	geckodriver	INFO	Listening on 127.0.0.1:52281
1642934365553	mozrunner::runner	INFO	Running command: "C:\\Program Files\\Mozilla Firefox\\firefox.exe" "--marionette" "--remote-debugging-port" "52282" "-no-remote" "-profile" "C:\\Users\\PC\\AppData\\Local\\Temp\\rust_mozprofileHhu3ft"
1642934365807	Marionette	INFO	Marionette enabled
console.warn: SearchSettings: "get: No settings file exists, new profile?" (new NotFoundError("Could not open the file at C:\\Users\\PC\\AppData\\Local\\Temp\\rust_mozprofileHhu3ft\\search.json.mozlz4", (void 0)))
DevTools listening on ws://localhost:52282/devtools/browser/9cec6d47-8b39-46f4-957f-50053da07183
1642934367397	Marionette	INFO	Listening on port 52288
1642934367616	RemoteAgent	WARN	TLS certificate errors will be ignored for this session
JavaScript warning: https://pagead2.googlesyndication.com/bg/vF3DwGiQdwtNbsVxkFzRL_iZiNaTmsYTTs4lOxRXugY.js line 1 > eval line 2640 > eval line 1 > eval, line 1: WEBGL_debug_renderer_info is deprecated in Firefox and will be removed. Please use RENDERER.
1642934383556	Marionette	INFO	Stopped listening on port 52288
console.warn: TopSitesFeed: Failed to fetch data from Contile server: NetworkError when attempting to fetch resource.

###!!! [Parent][RunMessage] Error: Channel closing: too late to send/recv, messages will be lost

1642934385196	geckodriver	INFO	Listening on 127.0.0.1:52367
1642934388238	mozrunner::runner	INFO	Running command: "C:\\Program Files\\Mozilla Firefox\\firefox.exe" "--marionette" "--remote-debugging-port" "52368" "-no-remote" "-profile" "C:\\Users\\PC\\AppData\\Local\\Temp\\rust_mozprofileENbUYt"
1642934388467	Marionette	INFO	Marionette enabled
console.warn: SearchSettings: "get: No settings file exists, new profile?" (new NotFoundError("Could not open the file at C:\\Users\\PC\\AppData\\Local\\Temp\\rust_mozprofileENbUYt\\search.json.mozlz4", (void 0)))
DevTools listening on ws://localhost:52368/devtools/browser/125fa5c5-953a-433f-891f-0a087f2bd147
1642934389959	Marionette	INFO	Listening on port 52373
1642934390284	RemoteAgent	WARN	TLS certificate errors will be ignored for this session
JavaScript warning: https://pagead2.googlesyndication.com/bg/vF3DwGiQdwtNbsVxkFzRL_iZiNaTmsYTTs4lOxRXugY.js line 1 > eval line 7043 > eval, line 1: WEBGL_debug_renderer_info is deprecated in Firefox and will be removed. Please use RENDERER.
1642934399855	Marionette	INFO	Stopped listening on port 52373
console.warn: TopSitesFeed: Failed to fetch data from Contile server: NetworkError when attempting to fetch resource.

###!!! [Parent][RunMessage] Error: Channel closing: too late to send/recv, messages will be lost

1642935269175	geckodriver	INFO	Listening on 127.0.0.1:52736
1642935272216	mozrunner::runner	INFO	Running command: "C:\\Program Files\\Mozilla Firefox\\firefox.exe" "--marionette" "--remote-debugging-port" "52737" "-no-remote" "-profile" "C:\\Users\\PC\\AppData\\Local\\Temp\\rust_mozprofileTtgsFt"
1642935272445	Marionette	INFO	Marionette enabled
console.warn: SearchSettings: "get: No settings file exists, new profile?" (new NotFoundError("Could not open the file at C:\\Users\\PC\\AppData\\Local\\Temp\\rust_mozprofileTtgsFt\\search.json.mozlz4", (void 0)))
DevTools listening on ws://localhost:52737/devtools/browser/a4da3d5b-cccb-45fc-9f54-4d7a32bb1a6f
1642935274038	Marionette	INFO	Listening on port 52742
1642935274281	RemoteAgent	WARN	TLS certificate errors will be ignored for this session
JavaScript warning: https://pagead2.googlesyndication.com/bg/vF3DwGiQdwtNbsVxkFzRL_iZiNaTmsYTTs4lOxRXugY.js line 1 > eval line 4116 > eval line 1 > eval, line 1: WEBGL_debug_renderer_info is deprecated in Firefox and will be removed. Please use RENDERER.
1642935280878	Marionette	INFO	Stopped listening on port 52742
console.warn: TopSitesFeed: Failed to fetch data from Contile server: NetworkError when attempting to fetch resource.

###!!! [Parent][RunMessage] Error: Channel closing: too late to send/recv, messages will be lost

1642935286767	geckodriver	INFO	Listening on 127.0.0.1:52821
1642935289841	mozrunner::runner	INFO	Running command: "C:\\Program Files\\Mozilla Firefox\\firefox.exe" "--marionette" "--remote-debugging-port" "52822" "-no-remote" "-profile" "C:\\Users\\PC\\AppData\\Local\\Temp\\rust_mozprofile9hVXJM"
1642936966155	geckodriver	INFO	Listening on 127.0.0.1:53023
1642936969225	mozrunner::runner	INFO	Running command: "C:\\Program Files\\Mozilla Firefox\\firefox.exe" "--marionette" "--remote-debugging-port" "53024" "-no-remote" "-profile" "C:\\Users\\PC\\AppData\\Local\\Temp\\rust_mozprofileGcL8dU"
1642936969442	Marionette	INFO	Marionette enabled
console.warn: SearchSettings: "get: No settings file exists, new profile?" (new NotFoundError("Could not open the file at C:\\Users\\PC\\AppData\\Local\\Temp\\rust_mozprofileGcL8dU\\search.json.mozlz4", (void 0)))
DevTools listening on ws://localhost:53024/devtools/browser/828d40a2-59c1-4740-990f-920615746e65
1642936970938	Marionette	INFO	Listening on port 53029
1642936971283	RemoteAgent	WARN	TLS certificate errors will be ignored for this session
JavaScript warning: https://pagead2.googlesyndication.com/bg/vF3DwGiQdwtNbsVxkFzRL_iZiNaTmsYTTs4lOxRXugY.js line 1 > eval line 2387 > eval line 1 > eval, line 1: WEBGL_debug_renderer_info is deprecated in Firefox and will be removed. Please use RENDERER.
console.warn: LoginRecipes: "getRecipes: falling back to a synchronous message for:" "https://gheed.com"
JavaScript warning: https://pagead2.googlesyndication.com/bg/vF3DwGiQdwtNbsVxkFzRL_iZiNaTmsYTTs4lOxRXugY.js line 1 > eval line 3097 > eval, line 1: WEBGL_debug_renderer_info is deprecated in Firefox and will be removed. Please use RENDERER.
1642937033886	Marionette	INFO	Stopped listening on port 53029
console.warn: TopSitesFeed: Failed to fetch data from Contile server: NetworkError when attempting to fetch resource.

###!!! [Parent][RunMessage] Error: Channel closing: too late to send/recv, messages will be lost

1642945252576	geckodriver	INFO	Listening on 127.0.0.1:62822
1642945255662	mozrunner::runner	INFO	Running command: "C:\\Program Files\\Mozilla Firefox\\firefox.exe" "--marionette" "--remote-debugging-port" "62823" "-no-remote" "-profile" "C:\\Users\\PC\\AppData\\Local\\Temp\\rust_mozprofileCIc4NH"
1642945255877	Marionette	INFO	Marionette enabled
console.warn: SearchSettings: "get: No settings file exists, new profile?" (new NotFoundError("Could not open the file at C:\\Users\\PC\\AppData\\Local\\Temp\\rust_mozprofileCIc4NH\\search.json.mozlz4", (void 0)))
DevTools listening on ws://localhost:62823/devtools/browser/17374ede-c9e7-4cb5-acb2-d4c929233905
1642945257484	Marionette	INFO	Listening on port 62828
1642945257710	RemoteAgent	WARN	TLS certificate errors will be ignored for this session
JavaScript warning: https://pagead2.googlesyndication.com/bg/vF3DwGiQdwtNbsVxkFzRL_iZiNaTmsYTTs4lOxRXugY.js line 1 > eval line 3943 > eval line 1 > eval, line 1: WEBGL_debug_renderer_info is deprecated in Firefox and will be removed. Please use RENDERER.
console.warn: LoginRecipes: "getRecipes: falling back to a synchronous message for:" "https://gheed.com"
JavaScript warning: https://pagead2.googlesyndication.com/bg/vF3DwGiQdwtNbsVxkFzRL_iZiNaTmsYTTs4lOxRXugY.js line 1 > eval line 6740 > eval line 1 > eval, line 1: WEBGL_debug_renderer_info is deprecated in Firefox and will be removed. Please use RENDERER.
1642945320983	Marionette	INFO	Stopped listening on port 62821642945322950	mozrunner::runner	INFO	Running command: "C:\\Program Files\\Mozilla Firefox\\firefox.exe" "--marionette" "--remote-debugging-port" "62913" "-no-remote" "-profile" "C:\\Users\\PC\\AppData\\Local\\Temp\\rust_mozprofilecXVW52"
1642945323152	Marionette	INFO	Marionette enabled
console.warn: SearchSettings: "get: No settings file exists, new profile?" (new NotFoundError("Could not open the file at C:\\Users\\PC\\AppData\\Local\\Temp\\rust_mozprofilecXVW52\\search.json.mozlz4", (void 0)))
DevTools listening on ws://localhost:62913/devtools/browser/4c9e5042-2471-4b27-b28a-4ceed8682a18
1642945324735	Marionette	INFO	Listening on port 62919
1642945324986	RemoteAgent	WARN	TLS certificate errors will be ignored for this session
JavaScript warning: https://pagead2.googlesyndication.com/bg/vF3DwGiQdwtNbsVxkFzRL_iZiNaTmsYTTs4lOxRXugY.js line 1 > eval line 6244 > eval, line 1: WEBGL_debug_renderer_info is deprecated in Firefox and will be removed. Please use RENDERER.
console.warn: LoginRecipes: "getRecipes: falling back to a synchronous message for:" "https://gheed.com"
JavaScript warning: https://pagead2.googlesyndication.com/bg/vF3DwGiQdwtNbsVxkFzRL_iZiNaTmsYTTs4lOxRXugY.js line 1 > eval line 7357 > eval line 1 > eval, line 1: WEBGL_debug_renderer_info is deprecated in Firefox and will be removed. Please use RENDERER.
1642945362469	Marionette	INFO	Stopped listening on port 62919
console.warn: TopSitesFeed: Failed to fetch data from Contile server: NetworkError when attempting to fetch resource.

###!!! [Parent][RunMessage] Error: Channel closing: too late to send/recv, messages will be lost

1642945407409	geckodriver	INFO	Listening on 127.0.0.1:63024
1642945410459	mozrunner::runner	INFO	Running command: "C:\\Program Files\\Mozilla Firefox\\firefox.exe" "--marionette" "--remote-debugging-port" "63025" "-no-remote" "-profile" "C:\\Users\\PC\\AppData\\Local\\Temp\\rust_mozprofile0G2ECG"
1642945410655	Marionette	INFO	Marionette enabled
console.warn: SearchSettings: "get: No settings file exists, new profile?" (new NotFoundError("Could not open the file at C:\\Users\\PC\\AppData\\Local\\Temp\\rust_mozprofile0G2ECG\\search.json.mozlz4", (void 0)))
DevTools listening on ws://localhost:63025/devtools/browser/c5a7e567-743f-4f91-964a-e768e46753a5
1642945412202	Marionette	INFO	Listening on port 63030
1642945412498	RemoteAgent	WARN	TLS certificate errors will be ignored for this session
JavaScript warning: https://pagead2.googlesyndication.com/bg/vF3DwGiQdwtNbsVxkFzRL_iZiNaTmsYTTs4lOxRXugY.js line 1 > eval line 3334 > eval, line 1: WEBGL_debug_renderer_info is deprecated in Firefox and will be removed. Please use RENDERER.
console.warn: LoginRecipes: "getRecipes: falling back to a synchronous message for:" "https://gheed.com"
JavaScript warning: https://pagead2.googlesyndication.com/bg/vF3DwGiQdwtNbsVxkFzRL_iZiNaTmsYTTs4lOxRXugY.js line 1 > eval line 6166 > eval, line 1: WEBGL_debug_renderer_info is deprecated in Firefox and will be removed. Please use RENDERER.
1642945454326	Marionette	INFO	Stopped listening on port 63030
console.warn: TopSitesFeed: Failed to fetch data from Contile server: NetworkError when attempting to fetch resource.

###!!! [Parent][RunMessage] Error: Channel closing: too late to send/recv, messages will be lost

1642945654761	geckodriver	INFO	Listening on 127.0.0.1:63142
1642945657827	mozrunner::runner	INFO	Running command: "C:\\Program Files\\Mozilla Firefox\\firefox.exe" "--marionette" "--remote-debugging-port" "63143" "-no-remote" "-profile" "C:\\Users\\PC\\AppData\\Local\\Temp\\rust_mozprofileFu8mzI"
1642945658022	Marionette	INFO	Marionette enabled
console.warn: SearchSettings: "get: No settings file exists, new profile?" (new NotFoundError("Could not open the file at C:\\Users\\PC\\AppData\\Local\\Temp\\rust_mozprofileFu8mzI\\search.json.mozlz4", (void 0)))
DevTools listening on ws://localhost:63143/devtools/browser/b5b0d395-c229-46a0-a3ba-4522a35da2b7
1642945659604	Marionette	INFO	Listening on port 63150
1642945659872	RemoteAgent	WARN	TLS certificate errors will be ignored for this session
JavaScript warning: https://pagead2.googlesyndication.com/bg/vF3DwGiQdwtNbsVxkFzRL_iZiNaTmsYTTs4lOxRXugY.js line 1 > eval line 2627 > eval line 1 > eval, line 1: WEBGL_debug_renderer_info is deprecated in Firefox and will be removed. Please use RENDERER.
JavaScript warning: https://pagead2.googlesyndication.com/bg/vF3DwGiQdwtNbsVxkFzRL_iZiNaTmsYTTs4lOxRXugY.js line 1 > eval line 1255 > eval, line 1: WEBGL_debug_renderer_info is deprecated in Firefox and will be removed. Please use RENDERER.
console.warn: LoginHelper(Content): "Couldn't parse origin for" "about:blank" ({})
JavaScript warning: https://static.xx.fbcdn.net/rsrc.php/v3i3VG4/yj/l/de_DE/YpILShwpsdz.js?_nc_x=Ij3Wp8lg5Kz, line 43: unreachable code after return statement
JavaScript error: , line 0: TypeError: NetworkError when attempting to fetch resource.
JavaScript error: , line 0: TypeError: NetworkError when attempting to fetch resource.
JavaScript error: , line 0: TypeError: NetworkError when attempting to fetch resource.
1642945758781	Marionette	INFO	Stopped listening on port 63151642945760169	mozrunner::runner	INFO	Running command: "C:\\Program Files\\Mozilla Firefox\\firefox.exe" "--marionette" "--remote-debugging-port" "63427" "-no-remote" "-profile" "C:\\Users\\PC\\AppData\\Local\\Temp\\rust_mozprofileT0u12Q"
1642945760390	Marionette	INFO	Marionette enabled
console.warn: SearchSettings: "get: No settings file exists, new profile?" (new NotFoundError("Could not open the file at C:\\Users\\PC\\AppData\\Local\\Temp\\rust_mozprofileT0u12Q\\search.json.mozlz4", (void 0)))
DevTools listening on ws://localhost:63427/devtools/browser/24f0dc3c-9203-4525-abab-46dd39d7bf13
1642945761930	Marionette	INFO	Listening on port 63433
1642945762242	RemoteAgent	WARN	TLS certificate errors will be ignored for this session
JavaScript warning: https://pagead2.googlesyndication.com/bg/vF3DwGiQdwtNbsVxkFzRL_iZiNaTmsYTTs4lOxRXugY.js line 1 > eval line 6392 > eval line 1 > eval, line 1: WEBGL_debug_renderer_info is deprecated in Firefox and will be removed. Please use RENDERER.
JavaScript warning: https://pagead2.googlesyndication.com/bg/vF3DwGiQdwtNbsVxkFzRL_iZiNaTmsYTTs4lOxRXugY.js line 1 > eval line 3415 > eval line 1 > eval, line 1: WEBGL_debug_renderer_info is deprecated in Firefox and will be removed. Please use RENDERER.
1642945772263	Marionette	INFO	Stopped listening on port 63433
console.warn: TopSitesFeed: Failed to fetch data from Contile server: NetworkError when attempting to fetch resource.

###!!! [Parent][RunMessage] Error: Channel closing: too late to send/recv, messages will be lost

1643897336634	geckodriver	INFO	Listening on 127.0.0.1:54098
1643897339688	mozrunner::runner	INFO	Running command: "C:\\Program Files\\Mozilla Firefox\\firefox.exe" "--marionette" "--remote-debugging-port" "54099" "-no-remote" "-profile" "C:\\Users\\PC\\AppData\\Local\\Temp\\rust_mozprofileJ7ayta"
1643897339935	Marionette	INFO	Marionette enabled
console.warn: SearchSettings: "get: No settings file exists, new profile?" (new NotFoundError("Could not open the file at C:\\Users\\PC\\AppData\\Local\\Temp\\rust_mozprofileJ7ayta\\search.json.mozlz4", (void 0)))
DevTools listening on ws://localhost:54099/devtools/browser/bc049b9f-a516-4670-8fec-796000f9f6eb
1643897341525	Marionette	INFO	Listening on port 54105
1643897341762	RemoteAgent	WARN	TLS certificate errors will be ignored for this session
JavaScript warning: https://pagead2.googlesyndication.com/bg/-RQXuketuW9jWIYsaM5S-Ql31PXoBsmd6vdkFHZtDQI.js line 1 > eval line 2671 > eval line 1 > eval line 1 > eval, line 1: WEBGL_debug_renderer_info is deprecated in Firefox and will be removed. Please use RENDERER.
console.warn: LoginRecipes: "getRecipes: falling back to a synchronous message for:" "https://gheed.com"
console.warn: LoginRecipes: "getRecipes: falling back to a synchronous message for:" "https://gheed.com"
JavaScript error: resource://gre/modules/LoginManagerParent.jsm, line 136: TypeError: gRecipeManager is null
JavaScript warning: https://pagead2.googlesyndication.com/bg/-RQXuketuW9jWIYsaM5S-Ql31PXoBsmd6vdkFHZtDQI.js line 1 > eval line 5830 > eval line 1 > eval line 1 > eval, line 1: WEBGL_debug_renderer_info is deprecated in Firefox and will be removed. Please use RENDERER.
JavaScript error: , line 0: NS_ERROR_NOT_AVAILABLE
console.warn: LoginHelper(Content): "Couldn't parse origin for" "about:blank" ({})
console.warn: LoginHelper(Content): "Couldn't parse origin for" "about:blank" ({})
console.warn: LoginHelper(Content): "Couldn't parse origin for" "about:blank" ({})
console.warn: LoginHelper(Content): "Couldn't parse origin for" "about:blank" ({})
console.warn: LoginHelper(Content): "Couldn't parse origin for" "about:blank" ({})
console.warn: LoginHelper(Content): "Couldn't parse origin for" "about:blank" ({})
console.warn: LoginHelper(Content): "Couldn't parse origin for" "about:blank" ({})
1643898190369	Marionette	INFO	Stopped listening on port 54105
console.warn: TopSitesFeed: Failed to fetch data from Contile server: NetworkError when attempting to fetch resource.

###!!! [Parent][RunMessage] Error: Channel closing: too late to send/recv, messages will be lost

1643898427301	geckodriver	INFO	Listening on 127.0.0.1:60493
1643898430344	mozrunner::runner	INFO	Running command: "C:\\Program Files\\Mozilla Firefox\\firefox.exe" "--marionette" "--remote-debugging-port" "60494" "-no-remote" "-profile" "C:\\Users\\PC\\AppData\\Local\\Temp\\rust_mozprofileiKKESz"
1643898430559	Marionette	INFO	Marionette enabled
console.warn: SearchSettings: "get: No settings file exists, new profile?" (new NotFoundError("Could not open the file at C:\\Users\\PC\\AppData\\Local\\Temp\\rust_mozprofileiKKESz\\search.json.mozlz4", (void 0)))
DevTools listening on ws://localhost:60494/devtools/browser/f9006077-a756-4631-bd19-9b3b48539128
1643898432142	Marionette	INFO	Listening on port 60499
1643898432387	RemoteAgent	WARN	TLS certificate errors will be ignored for this session
JavaScript warning: https://pagead2.googlesyndication.com/bg/-RQXuketuW9jWIYsaM5S-Ql31PXoBsmd6vdkFHZtDQI.js line 1 > eval line 7063 > eval line 1 > eval line 1 > eval, line 1: WEBGL_debug_renderer_info is deprecated in Firefox and will be removed. Please use RENDERER.
1643898478052	Marionette	INFO	Stopped listening on port 60499
console.warn: TopSitesFeed: Failed to fetch data from Contile server: NetworkError when attempting to fetch resource.
JavaScript error: chrome://remote/content/marionette/cert.js, line 55: NS_ERROR_NOT_AVAILABLE: Component returned failure code: 0x80040111 (NS_ERROR_NOT_AVAILABLE) [nsICertOverrideService.setDisableAllSecurityChecksAndLetAttackersInterceptMyData]

###!!! [Parent][RunMessage] Error: Channel closing: too late to send/recv, messages will be lost

1643898625819	geckodriver	INFO	Listening on 127.0.0.1:55542
1643898628900	mozrunner::runner	INFO	Running command: "C:\\Program Files\\Mozilla Firefox\\firefox.exe" "--marionette" "--remote-debugging-port" "55543" "-no-remote" "-profile" "C:\\Users\\PC\\AppData\\Local\\Temp\\rust_mozprofileFyBUtt"
1643898629097	Marionette	INFO	Marionette enabled
console.warn: SearchSettings: "get: No settings file exists, new profile?" (new NotFoundError("Could not open the file at C:\\Users\\PC\\AppData\\Local\\Temp\\rust_mozprofileFyBUtt\\search.json.mozlz4", (void 0)))
DevTools listening on ws://localhost:55543/devtools/browser/dbf6aedf-25ac-48b7-8303-2bd6be8e5911
1643898630668	Marionette	INFO	Listening on port 55548
1643898630935	RemoteAgent	WARN	TLS certificate errors will be ignored for this session
JavaScript warning: https://pagead2.googlesyndication.com/bg/-RQXuketuW9jWIYsaM5S-Ql31PXoBsmd6vdkFHZtDQI.js line 1 > eval line 873 > eval line 1 > eval line 1 > eval, line 1: WEBGL_debug_renderer_info is deprecated in Firefox and will be removed. Please use RENDERER.
console.warn: LoginRecipes: "getRecipes: falling back to a synchronous message for:" "https://gheed.com"
JavaScript warning: https://pagead2.googlesyndication.com/bg/-RQXuketuW9jWIYsaM5S-Ql31PXoBsmd6vdkFHZtDQI.js line 1 > eval line 3947 > eval line 1 > eval line 1 > eval, line 1: WEBGL_debug_renderer_info is deprecated in Firefox and will be removed. Please use RENDERER.
JavaScript error: , line 0: NS_ERROR_NOT_AVAILABLE
1643900028411	Marionette	INFO	Stopped listening on port 55548
console.warn: TopSitesFeed: Failed to fetch data from Contile server: NetworkError when attempting to fetch resource.

###!!! [Parent][RunMessage] Error: Channel closing: too late to send/recv, messages will be lost

te enabled
console.warn: SearchSettings: "get: No settings file exists, new profile?" (new NotFoundError("Could not open the file at C:\\Users\\PC\\AppData\\Local\\Temp\\rust_mozprofileU3Tl86\\search.json.mozlz4", (void 0)))
DevTools listening on ws://localhost:60449/devtools/browser/bf403fd5-0e1b-4c38-8712-9e195320c893
1643899067310	Marionette	INFO	Listening on port 60454
1643899067577	RemoteAgent	WARN	TLS certificate errors will be ignored for this session
JavaScript warning: https://pagead2.googlesyndication.com/bg/-RQXuketuW9jWIYsaM5S-Ql31PXoBsmd6vdkFHZtDQI.js line 1 > eval line 7566 > eval line 1 > eval line 1 > eval, line 1: WEBGL_debug_renderer_info is deprecated in Firefox and will be removed. Please use RENDERER.
console.warn: LoginRecipes: "getRecipes: falling back to a synchronous message for:" "https://gheed.com"
JavaScript warning: https://pagead2.googlesyndication.com/bg/-RQXuketuW9jWIYsaM5S-Ql31PXoBsmd6vdkFHZtDQI.js line 1 > eval line 2545 > eval line 1 > eval line 1 > eval, line 1: WEBGL_debug_renderer_info is deprecated in Firefox and will be removed. Please use RENDERER.
1643899100697	Marionette	INFO	Stopped listening on port 60454
console.warn: TopSitesFeed: Failed to fetch data from Contile server: NetworkError when attempting to fetch resource.
1643899729836	geckodriver	INFO	Listening on 127.0.0.1:61845
1643899732898	mozrunner::runner	INFO	Running command: "C:\\Program Files\\Mozilla Firefox\\firefox.exe" "--marionette" "--remote-debugging-port" "61846" "-no-remote" "-profile" "C:\\Users\\PC\\AppData\\Local\\Temp\\rust_mozprofileB6SyF9"
1643899733110	Marionette	INFO	Marionette enabled
console.warn: SearchSettings: "get: No settings file exists, new profile?" (new NotFoundError("Could not open the file at C:\\Users\\PC\\AppData\\Local\\Temp\\rust_mozprofileB6SyF9\\search.json.mozlz4", (void 0)))
DevTools listening on ws://localhost:61846/devtools/browser/fe8aba82-dd77-44df-8ae2-74f53b88e3bc
1643899734701	Marionette	INFO	Listening on port 61851
1643899734957	RemoteAgent	WARN	TLS certificate errors will be ignored for this session
1643899743292	Marionette	INFO	Stopped listening on port 61851
console.warn: TopSitesFeed: Failed to fetch data from Contile server: NetworkError when attempting to fetch resource.

###!!! [Parent][RunMessage] Error: Channel closing: too late to send/recv, messages will be lost

1643899749659	geckodriver	INFO	Listening on 127.0.0.1:61895
1643899752744	mozrunner::runner	INFO	Running command: "C:\\Program Files\\Mozilla Firefox\\firefox.exe" "--marionette" "--remote-debugging-port" "61896" "-no-remote" "-profile" "C:\\Users\\PC\\AppData\\Local\\Temp\\rust_mozprofilegMZt1F"
1643899752940	Marionette	INFO	Marionette enabled
console.warn: SearchSettings: "get: No settings file exists, new profile?" (new NotFoundError("Could not open the file at C:\\Users\\PC\\AppData\\Local\\Temp\\rust_mozprofilegMZt1F\\search.json.mozlz4", (void 0)))
DevTools listening on ws://localhost:61896/devtools/browser/23924667-1b37-4e91-acb5-11d8b04171de
1643899754427	Marionette	INFO	Listening on port 61901
1643899754783	RemoteAgent	WARN	TLS certificate errors will be ignored for this session
1643899755788	Marionette	WARN	Ignoring event 'pageshow' because document has an invalid readyState of 'uninitialized'.
[Child 7064, MediaDecoderStateMachine #1] WARNING: 1d09f381ac0 Could not set cubeb stream name.: file /builds/worker/checkouts/gecko/dom/media/AudioStream.cpp:367
[Child 7064, MediaDecoderStateMachine #1] WARNING: 1d0933d82e0 Could not set cubeb stream name.: file /builds/worker/checkouts/gecko/dom/media/AudioStream.cpp:367
JavaScript warning: https://pagead2.googlesyndication.com/bg/-RQXuketuW9jWIYsaM5S-Ql31PXoBsmd6vdkFHZtDQI.js line 1 > eval line 5508 > eval line 1 > eval line 1 > eval, line 1: WEBGL_debug_renderer_info is deprecated in Firefox and will be removed. Please use RENDERER.
[Child 7064, MediaDecoderStateMachine #1] WARNING: 1d0a24994a0 Could not set cubeb stream name.: file /builds/worker/checkouts/gecko/dom/media/AudioStream.cpp:367
console.warn: LoginRecipes: "getRecipes: falling back to a synchronous message for:" "https://accounts.google.com"
console.warn: LoginRecipes: "getRecipes: falling back to a synchronous message for:" "https://accounts.google.com"
JavaScript warning: https://accounts.google.com/ServiceLogin?service=youtube&uilel=3&passive=true&continue=https%3A%2F%2Fwww.youtube.com%2Fsignin%3Faction_handle_signin%3Dtrue%26app%3Ddesktop%26hl%3Dde%26next%3D%252Fwatch%253Fv%253D36YnV9STBqc&hl=de line 1 > eval line 1179 > eval, line 1: WEBGL_debug_renderer_info is deprecated in Firefox and will be removed. Please use RENDERER.
[Child 7064, MediaDecoderStateMachine #1] WARNING: 1d096f2e580 Could not set cubeb stream name.: file /builds/worker/checkouts/gecko/dom/media/AudioStream.cpp:367
[Child 7064, MediaDecoderStateMachine #1] WARNING: 1d0a3997740 Could not set cubeb stream name.: file /builds/worker/checkouts/gecko/dom/media/AudioStream.cpp:367
console.warn: LoginRecipes: "getRecipes: falling back to a synchronous message for:" "https://www.youtube.com"
console.warn: LoginRecipes: "getRecipes: falling back to a synchronous message for:" "https://accounts.google.com"
console.warn: LoginRecipes: "getRecipes: falling back to a synchronous message for:" "https://accounts.google.com"
JavaScript warning: https://accounts.google.com/ServiceLogin?service=youtube&uilel=3&passive=true&continue=https%3A%2F%2Fwww.youtube.com%2Fsignin%3Faction_handle_signin%3Dtrue%26app%3Ddesktop%26hl%3Dde%26next%3D%252Fwatch%253Fv%253D36YnV9STBqc&hl=de line 1 > eval line 101 > eval, line 1: WEBGL_debug_renderer_info is deprecated in Firefox and will be removed. Please use RENDERER.
1643899828610	Marionette	INFO	Stopped listening on port 61901
console.warn: TopSitesFeed: Failed to fetch data from Contile server: NetworkError when attempting to fetch resource.

###!!! [Parent][RunMessage] Error: Channel closing: too late to send/recv, messages will be lost

1643900002480	geckodriver	INFO	Listening on 127.0.0.1:65267
1643900005530	mozrunner::runner	INFO	Running command: "C:\\Program Files\\Mozilla Firefox\\firefox.exe" "--marionette" "--remote-debugging-port" "65268" "-no-remote" "-profile" "C:\\Users\\PC\\AppData\\Local\\Temp\\rust_mozprofileM3Nj21"
1643900005746	Marionette	INFO	Marionette enabled
console.warn: SearchSettings: "get: No settings file exists, new profile?" (new NotFoundError("Could not open the file at C:\\Users\\PC\\AppData\\Local\\Temp\\rust_mozprofileM3Nj21\\search.json.mozlz4", (void 0)))
DevTools listening on ws://localhost:65268/devtools/browser/46c924eb-5b51-460d-a918-05af77c44776
1643900007328	Marionette	INFO	Listening on port 65273
1643900007588	RemoteAgent	WARN	TLS certificate errors will be ignored for this session
1643900008617	Marionette	WARN	Ignoring event 'pageshow' because document has an invalid readyState of 'uninitialized'.
JavaScript error: resource://gre/modules/AsyncShutdown.jsm, line 575: NotFoundError: No such JSWindowActor 'DevToolsFrame'
1643900025110	Marionette	INFO	Stopped listening on port 65273

###!!! [Parent][RunMessage] Error: Channel closing: too late to send/recv, messages will be lost

1643900044001	geckodriver	INFO	Listening on 127.0.0.1:65415
1643900047038	mozrunner::runner	INFO	Running command: "C:\\Program Files\\Mozilla Firefox\\firefox.exe" "--marionette" "--remote-debugging-port" "65416" "-no-remote" "-profile" "C:\\Users\\PC\\AppData\\Local\\Temp\\rust_mozprofilea9EwBq"
1643900047249	Marionette	INFO	Marionette enabled
console.warn: SearchSettings: "get: No settings file exists, new profile?" (new NotFoundError("Could not open the file at C:\\Users\\PC\\AppData\\Local\\Temp\\rust_mozprofilea9EwBq\\search.json.mozlz4", (void 0)))
DevTools listening on ws://localhost:65416/devtools/browser/378848dd-c42e-4cc6-81e0-057fbb7bb6f5
1643900048719	Marionette	INFO	Listening on port 65421
1643900049107	RemoteAgent	WARN	TLS certificate errors will be ignored for this session
1643900050182	Marionette	WARN	Ignoring event 'pageshow' because document has an invalid readyState of 'uninitialized'.
JavaScript error: resource://gre/modules/AsyncShutdown.jsm, line 575: NotFoundError: No such JSWindowActor 'DevToolsFrame'
1643900068954	Marionette	INFO	Stopped listening on port 65421
[Parent 14944, IPC I/O Parent] WARNING: file /builds/worker/checkouts/gecko/ipc/chromium/src/base/process_util_win.cc:167

###!!! [Parent][RunMessage] Error: Channel closing: too late to send/recv, messages will be lost

